<?xml version="1.0" encoding="UTF-8"?>
<!-- Generated by org.testng.reporters.JUnitXMLReporter -->
<testsuite hostname="Olenas-MacBook-Pro.local" ignored="2" name="AllFunctionalities" tests="14" failures="1" timestamp="2023-01-23T10:51:08 CST" time="274.125" errors="0">
  <testcase name="validateCheckboxes" time="8.346" classname="scripts.TechGlobalCheckBoxPageTest"/>
  <testcase name="validatePractice" time="7.912" classname="scripts.TechGlobalCheckBoxPageTest"/>
  <testcase name="dynamicElementsTest" time="3.294" classname="scripts.TechGlobalDynamicElementsTest"/>
  <testcase name="validateFrontendTestingURL" time="2.214" classname="scripts.TechGlobalFrontendTestingHomeTest"/>
  <testcase name="validateTechGlobalHeaderDropdownOptions" time="1.6" classname="scripts.TechGlobalHeaderTest"/>
  <testcase name="languageRadioButtons" time="30.933" classname="scripts.TechGlobalRadioButtonsPageTest">
    <failure type="org.openqa.selenium.ElementNotInteractableException" message="element not interactable
  (Session info: chrome=109.0.5414.87)
Build info: version: &amp;apos;3.141.59&amp;apos;, revision: &amp;apos;e82be7d358&amp;apos;, time: &amp;apos;2018-11-14T08:17:03&amp;apos;
System info: host: &amp;apos;Olenas-MacBook-Pro.local&amp;apos;, ip: &amp;apos;fd4f:cf16:af51:5650:1820:62a7:2009:4135%en0&amp;apos;, os.name: &amp;apos;Mac OS X&amp;apos;, os.arch: &amp;apos;x86_64&amp;apos;, os.version: &amp;apos;12.6.2&amp;apos;, java.version: &amp;apos;1.8.0_341&amp;apos;
Driver info: org.openqa.selenium.chrome.ChromeDriver
Capabilities {acceptInsecureCerts: false, browserName: chrome, browserVersion: 109.0.5414.87, chrome: {chromedriverVersion: 109.0.5414.74 (e7c5703604da..., userDataDir: /var/folders/dx/hfwl_l65371...}, goog:chromeOptions: {debuggerAddress: localhost:51314}, javascriptEnabled: true, networkConnectionEnabled: false, pageLoadStrategy: normal, platform: MAC, platformName: MAC, proxy: Proxy(), setWindowRect: true, strictFileInteractability: false, timeouts: {implicit: 0, pageLoad: 300000, script: 30000}, unhandledPromptBehavior: dismiss and notify, webauthn:extension:credBlob: true, webauthn:extension:largeBlob: true, webauthn:virtualAuthenticators: true}
Session ID: 4b2278286aa201f41ce6d79b8c5e8090">
      <![CDATA[org.openqa.selenium.ElementNotInteractableException: element not interactable
  (Session info: chrome=109.0.5414.87)
Build info: version: '3.141.59', revision: 'e82be7d358', time: '2018-11-14T08:17:03'
System info: host: 'Olenas-MacBook-Pro.local', ip: 'fd4f:cf16:af51:5650:1820:62a7:2009:4135%en0', os.name: 'Mac OS X', os.arch: 'x86_64', os.version: '12.6.2', java.version: '1.8.0_341'
Driver info: org.openqa.selenium.chrome.ChromeDriver
Capabilities {acceptInsecureCerts: false, browserName: chrome, browserVersion: 109.0.5414.87, chrome: {chromedriverVersion: 109.0.5414.74 (e7c5703604da..., userDataDir: /var/folders/dx/hfwl_l65371...}, goog:chromeOptions: {debuggerAddress: localhost:51314}, javascriptEnabled: true, networkConnectionEnabled: false, pageLoadStrategy: normal, platform: MAC, platformName: MAC, proxy: Proxy(), setWindowRect: true, strictFileInteractability: false, timeouts: {implicit: 0, pageLoad: 300000, script: 30000}, unhandledPromptBehavior: dismiss and notify, webauthn:extension:credBlob: true, webauthn:extension:largeBlob: true, webauthn:virtualAuthenticators: true}
Session ID: 4b2278286aa201f41ce6d79b8c5e8090
at org.openqa.selenium.remote.http.W3CHttpResponseCodec.createException(W3CHttpResponseCodec.java:187)
at org.openqa.selenium.remote.http.W3CHttpResponseCodec.decode(W3CHttpResponseCodec.java:122)
at org.openqa.selenium.remote.http.W3CHttpResponseCodec.decode(W3CHttpResponseCodec.java:49)
at org.openqa.selenium.remote.HttpCommandExecutor.execute(HttpCommandExecutor.java:158)
at org.openqa.selenium.remote.service.DriverCommandExecutor.execute(DriverCommandExecutor.java:83)
at org.openqa.selenium.remote.RemoteWebDriver.execute(RemoteWebDriver.java:552)
at org.openqa.selenium.remote.RemoteWebElement.execute(RemoteWebElement.java:285)
at org.openqa.selenium.remote.RemoteWebElement.click(RemoteWebElement.java:84)
at pages.TechGlobalFrontendTestingHomePage.getFrontedTestingPage(TechGlobalFrontendTestingHomePage.java:22)
at scripts.TechGlobalRadioButtonsPageTest.languageRadioButtons(TechGlobalRadioButtonsPageTest.java:27)
at java.util.ArrayList.forEach(ArrayList.java:1259)
... Removed 34 stack frames]]>
    </failure>
  </testcase> <!-- languageRadioButtons -->
  <testcase name="languageRadioButtons2" time="4.156" classname="scripts.TechGlobalRadioButtonsPageTest"/>
  <testcase name="validateRedBox" time="38.883" classname="scripts.TechGlobalWaitsPageTest"/>
  <testcase name="selectDeliveryOption" time="1.578" classname="scripts.TechGlobalDropdownsTest"/>
  <testcase name="selectProductOption" time="0.197" classname="scripts.TechGlobalDropdownsTest"/>
  <testcase name="selectColorOption" time="5.142" classname="scripts.TechGlobalDropdownsTest"/>
  <testcase name="validateTheItemSelected" time="2.042" classname="scripts.TechGlobalDropdownsTest"/>
  <testcase name="validateTheAppleLink" time="6.978" classname="scripts.TechGlobalMultipleWindowsTest"/>
  <testcase name="validateLinkURLs" time="21.025" classname="scripts.TechGlobalMultipleWindowsTest"/>
  <testcase name="validateFrontedTestingCards" time="0.0" classname="scripts.TechGlobalFrontendTestingHomeTest">
    <ignored/>
  </testcase> <!-- validateFrontedTestingCards -->
  <testcase name="validateTechGlobalHeaderDropdown" time="0.0" classname="scripts.TechGlobalHeaderTest">
    <ignored/>
  </testcase> <!-- validateTechGlobalHeaderDropdown -->
</testsuite> <!-- AllFunctionalities -->
