<html>
<head>
<title>TestNG:  AllFunctionalities</title>
<link href="../testng.css" rel="stylesheet" type="text/css" />
<link href="../my-testng.css" rel="stylesheet" type="text/css" />

<style type="text/css">
.log { display: none;} 
.stack-trace { display: none;} 
</style>
<script type="text/javascript">
<!--
function flip(e) {
  current = e.style.display;
  if (current == 'block') {
    e.style.display = 'none';
    return 0;
  }
  else {
    e.style.display = 'block';
    return 1;
  }
}

function toggleBox(szDivId, elem, msg1, msg2)
{
  var res = -1;  if (document.getElementById) {
    res = flip(document.getElementById(szDivId));
  }
  else if (document.all) {
    // this is the way old msie versions work
    res = flip(document.all[szDivId]);
  }
  if(elem) {
    if(res == 0) elem.innerHTML = msg1; else elem.innerHTML = msg2;
  }

}

function toggleAllBoxes() {
  if (document.getElementsByTagName) {
    d = document.getElementsByTagName('div');
    for (i = 0; i < d.length; i++) {
      if (d[i].className == 'log') {
        flip(d[i]);
      }
    }
  }
}

// -->
</script>

</head>
<body>
<h2 align='center'>AllFunctionalities</h2><table border='1' align="center">
<tr>
<td>Tests passed/Failed/Skipped:</td><td>13/1/0</td>
</tr><tr>
<td>Started on:</td><td>Mon Jan 23 10:46:34 CST 2023</td>
</tr>
<tr><td>Total time:</td><td>274 seconds (274125 ms)</td>
</tr><tr>
<td>Included groups:</td><td></td>
</tr><tr>
<td>Excluded groups:</td><td></td>
</tr>
</table><p/>
<small><i>(Hover the method name to see the test class name)</i></small><p/>
<table width='100%' border='1' class='invocation-failed'>
<tr><td colspan='4' align='center'><b>FAILED TESTS</b></td></tr>
<tr><td><b>Test method</b></td>
<td width="30%"><b>Exception</b></td>
<td width="10%"><b>Time (seconds)</b></td>
<td><b>Instance</b></td>
</tr>
<tr>
<td title='scripts.TechGlobalRadioButtonsPageTest.languageRadioButtons()'><b>languageRadioButtons</b><br>Test class: scripts.TechGlobalRadioButtonsPageTest<br>Test method: Validating TechGlobal Language Radio Buttons</td>
<td><div><pre>org.openqa.selenium.ElementNotInteractableException: element not interactable
  (Session info: chrome=109.0.5414.87)
Build info: version: &apos;3.141.59&apos;, revision: &apos;e82be7d358&apos;, time: &apos;2018-11-14T08:17:03&apos;
System info: host: &apos;Olenas-MacBook-Pro.local&apos;, ip: &apos;fd4f:cf16:af51:5650:1820:62a7:2009:4135%en0&apos;, os.name: &apos;Mac OS X&apos;, os.arch: &apos;x86_64&apos;, os.version: &apos;12.6.2&apos;, java.version: &apos;1.8.0_341&apos;
Driver info: org.openqa.selenium.chrome.ChromeDriver
Capabilities {acceptInsecureCerts: false, browserName: chrome, browserVersion: 109.0.5414.87, chrome: {chromedriverVersion: 109.0.5414.74 (e7c5703604da..., userDataDir: /var/folders/dx/hfwl_l65371...}, goog:chromeOptions: {debuggerAddress: localhost:51314}, javascriptEnabled: true, networkConnectionEnabled: false, pageLoadStrategy: normal, platform: MAC, platformName: MAC, proxy: Proxy(), setWindowRect: true, strictFileInteractability: false, timeouts: {implicit: 0, pageLoad: 300000, script: 30000}, unhandledPromptBehavior: dismiss and notify, webauthn:extension:credBlob: true, webauthn:extension:largeBlob: true, webauthn:virtualAuthenticators: true}
Session ID: 4b2278286aa201f41ce6d79b8c5e8090
	at org.openqa.selenium.remote.http.W3CHttpResponseCodec.createException(W3CHttpResponseCodec.java:187)
	at org.openqa.selenium.remote.http.W3CHttpResponseCodec.decode(W3CHttpResponseCodec.java:122)
	at org.openqa.selenium.remote.http.W3CHttpResponseCodec.decode(W3CHttpResponseCodec.java:49)
	at org.openqa.selenium.remote.HttpCommandExecutor.execute(HttpCommandExecutor.java:158)
	at org.openqa.selenium.remote.service.DriverCommandExecutor.execute(DriverCommandExecutor.java:83)
	at org.openqa.selenium.remote.RemoteWebDriver.execute(RemoteWebDriver.java:552)
	at org.openqa.selenium.remote.RemoteWebElement.execute(RemoteWebElement.java:285)
	at org.openqa.selenium.remote.RemoteWebElement.click(RemoteWebElement.java:84)
	at pages.TechGlobalFrontendTestingHomePage.getFrontedTestingPage(TechGlobalFrontendTestingHomePage.java:22)
	at scripts.TechGlobalRadioButtonsPageTest.languageRadioButtons(TechGlobalRadioButtonsPageTest.java:27)
	at java.util.ArrayList.forEach(ArrayList.java:1259)
... Removed 34 stack frames</pre></div><a href='#' onClick='toggleBox("stack-trace1620187937", this, "Click to show all stack frames", "Click to hide stack frames")'>Click to show all stack frames</a>
<div class='stack-trace' id='stack-trace1620187937'><pre>org.openqa.selenium.ElementNotInteractableException: element not interactable
  (Session info: chrome=109.0.5414.87)
Build info: version: &apos;3.141.59&apos;, revision: &apos;e82be7d358&apos;, time: &apos;2018-11-14T08:17:03&apos;
System info: host: &apos;Olenas-MacBook-Pro.local&apos;, ip: &apos;fd4f:cf16:af51:5650:1820:62a7:2009:4135%en0&apos;, os.name: &apos;Mac OS X&apos;, os.arch: &apos;x86_64&apos;, os.version: &apos;12.6.2&apos;, java.version: &apos;1.8.0_341&apos;
Driver info: org.openqa.selenium.chrome.ChromeDriver
Capabilities {acceptInsecureCerts: false, browserName: chrome, browserVersion: 109.0.5414.87, chrome: {chromedriverVersion: 109.0.5414.74 (e7c5703604da..., userDataDir: /var/folders/dx/hfwl_l65371...}, goog:chromeOptions: {debuggerAddress: localhost:51314}, javascriptEnabled: true, networkConnectionEnabled: false, pageLoadStrategy: normal, platform: MAC, platformName: MAC, proxy: Proxy(), setWindowRect: true, strictFileInteractability: false, timeouts: {implicit: 0, pageLoad: 300000, script: 30000}, unhandledPromptBehavior: dismiss and notify, webauthn:extension:credBlob: true, webauthn:extension:largeBlob: true, webauthn:virtualAuthenticators: true}
Session ID: 4b2278286aa201f41ce6d79b8c5e8090
	at sun.reflect.NativeConstructorAccessorImpl.newInstance0(Native Method)
	at sun.reflect.NativeConstructorAccessorImpl.newInstance(NativeConstructorAccessorImpl.java:62)
	at sun.reflect.DelegatingConstructorAccessorImpl.newInstance(DelegatingConstructorAccessorImpl.java:45)
	at java.lang.reflect.Constructor.newInstance(Constructor.java:423)
	at org.openqa.selenium.remote.http.W3CHttpResponseCodec.createException(W3CHttpResponseCodec.java:187)
	at org.openqa.selenium.remote.http.W3CHttpResponseCodec.decode(W3CHttpResponseCodec.java:122)
	at org.openqa.selenium.remote.http.W3CHttpResponseCodec.decode(W3CHttpResponseCodec.java:49)
	at org.openqa.selenium.remote.HttpCommandExecutor.execute(HttpCommandExecutor.java:158)
	at org.openqa.selenium.remote.service.DriverCommandExecutor.execute(DriverCommandExecutor.java:83)
	at org.openqa.selenium.remote.RemoteWebDriver.execute(RemoteWebDriver.java:552)
	at org.openqa.selenium.remote.RemoteWebElement.execute(RemoteWebElement.java:285)
	at org.openqa.selenium.remote.RemoteWebElement.click(RemoteWebElement.java:84)
	at pages.TechGlobalFrontendTestingHomePage.getFrontedTestingPage(TechGlobalFrontendTestingHomePage.java:22)
	at scripts.TechGlobalRadioButtonsPageTest.languageRadioButtons(TechGlobalRadioButtonsPageTest.java:27)
	at sun.reflect.NativeMethodAccessorImpl.invoke0(Native Method)
	at sun.reflect.NativeMethodAccessorImpl.invoke(NativeMethodAccessorImpl.java:62)
	at sun.reflect.DelegatingMethodAccessorImpl.invoke(DelegatingMethodAccessorImpl.java:43)
	at java.lang.reflect.Method.invoke(Method.java:498)
	at org.testng.internal.MethodInvocationHelper.invokeMethod(MethodInvocationHelper.java:134)
	at org.testng.internal.TestInvoker.invokeMethod(TestInvoker.java:597)
	at org.testng.internal.TestInvoker.invokeTestMethod(TestInvoker.java:173)
	at org.testng.internal.MethodRunner.runInSequence(MethodRunner.java:46)
	at org.testng.internal.TestInvoker$MethodInvocationAgent.invoke(TestInvoker.java:816)
	at org.testng.internal.TestInvoker.invokeTestMethods(TestInvoker.java:146)
	at org.testng.internal.TestMethodWorker.invokeTestMethods(TestMethodWorker.java:146)
	at org.testng.internal.TestMethodWorker.run(TestMethodWorker.java:128)
	at java.util.ArrayList.forEach(ArrayList.java:1259)
	at org.testng.TestRunner.privateRun(TestRunner.java:766)
	at org.testng.TestRunner.run(TestRunner.java:587)
	at org.testng.SuiteRunner.runTest(SuiteRunner.java:384)
	at org.testng.SuiteRunner.runSequentially(SuiteRunner.java:378)
	at org.testng.SuiteRunner.privateRun(SuiteRunner.java:337)
	at org.testng.SuiteRunner.run(SuiteRunner.java:286)
	at org.testng.SuiteRunnerWorker.runSuite(SuiteRunnerWorker.java:53)
	at org.testng.SuiteRunnerWorker.run(SuiteRunnerWorker.java:96)
	at org.testng.TestNG.runSuitesSequentially(TestNG.java:1187)
	at org.testng.TestNG.runSuitesLocally(TestNG.java:1109)
	at org.testng.TestNG.runSuites(TestNG.java:1039)
	at org.testng.TestNG.run(TestNG.java:1007)
	at org.apache.maven.surefire.testng.TestNGExecutor.run(TestNGExecutor.java:281)
	at org.apache.maven.surefire.testng.TestNGXmlTestSuite.execute(TestNGXmlTestSuite.java:75)
	at org.apache.maven.surefire.testng.TestNGProvider.invoke(TestNGProvider.java:121)
	at org.apache.maven.surefire.booter.ForkedBooter.invokeProviderInSameClassLoader(ForkedBooter.java:290)
	at org.apache.maven.surefire.booter.ForkedBooter.runSuitesInProcess(ForkedBooter.java:242)
	at org.apache.maven.surefire.booter.ForkedBooter.main(ForkedBooter.java:121)
</pre></div></td>
<td>30</td>
<td>scripts.TechGlobalRadioButtonsPageTest@42dafa95</td></tr>
</table><p>
<table width='100%' border='1' class='invocation-passed'>
<tr><td colspan='4' align='center'><b>PASSED TESTS</b></td></tr>
<tr><td><b>Test method</b></td>
<td width="30%"><b>Exception</b></td>
<td width="10%"><b>Time (seconds)</b></td>
<td><b>Instance</b></td>
</tr>
<tr>
<td title='scripts.TechGlobalDynamicElementsTest.dynamicElementsTest()'><b>dynamicElementsTest</b><br>Test class: scripts.TechGlobalDynamicElementsTest<br>Test method: Testing Dynamic Web Elements</td>
<td></td>
<td>3</td>
<td>scripts.TechGlobalDynamicElementsTest@4f7d0008</td></tr>
<tr>
<td title='scripts.TechGlobalRadioButtonsPageTest.languageRadioButtons2()'><b>languageRadioButtons2</b><br>Test class: scripts.TechGlobalRadioButtonsPageTest<br>Test method: Validating TechGlobal Language Radio Buttons2</td>
<td></td>
<td>4</td>
<td>scripts.TechGlobalRadioButtonsPageTest@42dafa95</td></tr>
<tr>
<td title='scripts.TechGlobalDropdownsTest.selectColorOption()'><b>selectColorOption</b><br>Test class: scripts.TechGlobalDropdownsTest<br>Test method: Select Yellow options</td>
<td></td>
<td>5</td>
<td>scripts.TechGlobalDropdownsTest@402a079c</td></tr>
<tr>
<td title='scripts.TechGlobalDropdownsTest.selectDeliveryOption()'><b>selectDeliveryOption</b><br>Test class: scripts.TechGlobalDropdownsTest<br>Test method: Select Delivery Option</td>
<td></td>
<td>1</td>
<td>scripts.TechGlobalDropdownsTest@402a079c</td></tr>
<tr>
<td title='scripts.TechGlobalDropdownsTest.selectProductOption()'><b>selectProductOption</b><br>Test class: scripts.TechGlobalDropdownsTest<br>Test method:  Select iPhone 14 PRO Max option</td>
<td></td>
<td>0</td>
<td>scripts.TechGlobalDropdownsTest@402a079c</td></tr>
<tr>
<td title='scripts.TechGlobalCheckBoxPageTest.validateCheckboxes()'><b>validateCheckboxes</b><br>Test class: scripts.TechGlobalCheckBoxPageTest<br>Test method: Validate checkboxes</td>
<td></td>
<td>8</td>
<td>scripts.TechGlobalCheckBoxPageTest@553f17c</td></tr>
<tr>
<td title='scripts.TechGlobalFrontendTestingHomeTest.validateFrontendTestingURL()'><b>validateFrontendTestingURL</b><br>Test class: scripts.TechGlobalFrontendTestingHomeTest<br>Test method: Validate URL</td>
<td></td>
<td>2</td>
<td>scripts.TechGlobalFrontendTestingHomeTest@271053e1</td></tr>
<tr>
<td title='scripts.TechGlobalMultipleWindowsTest.validateLinkURLs()'><b>validateLinkURLs</b><br>Test class: scripts.TechGlobalMultipleWindowsTest<br>Test method: Validate link urls</td>
<td></td>
<td>21</td>
<td>scripts.TechGlobalMultipleWindowsTest@59ec2012</td></tr>
<tr>
<td title='scripts.TechGlobalCheckBoxPageTest.validatePractice()'><b>validatePractice</b><br>Test class: scripts.TechGlobalCheckBoxPageTest<br>Test method: Validate practice</td>
<td></td>
<td>7</td>
<td>scripts.TechGlobalCheckBoxPageTest@553f17c</td></tr>
<tr>
<td title='scripts.TechGlobalWaitsPageTest.validateRedBox()'><b>validateRedBox</b><br>Test class: scripts.TechGlobalWaitsPageTest<br>Test method: Validate red box is visible</td>
<td></td>
<td>38</td>
<td>scripts.TechGlobalWaitsPageTest@6500df86</td></tr>
<tr>
<td title='scripts.TechGlobalHeaderTest.validateTechGlobalHeaderDropdownOptions()'><b>validateTechGlobalHeaderDropdownOptions</b><br>Test class: scripts.TechGlobalHeaderTest</td>
<td></td>
<td>1</td>
<td>scripts.TechGlobalHeaderTest@589838eb</td></tr>
<tr>
<td title='scripts.TechGlobalMultipleWindowsTest.validateTheAppleLink()'><b>validateTheAppleLink</b><br>Test class: scripts.TechGlobalMultipleWindowsTest<br>Test method: Validate the Apple link</td>
<td></td>
<td>6</td>
<td>scripts.TechGlobalMultipleWindowsTest@59ec2012</td></tr>
<tr>
<td title='scripts.TechGlobalDropdownsTest.validateTheItemSelected()'><b>validateTheItemSelected</b><br>Test class: scripts.TechGlobalDropdownsTest<br>Test method: validate the selected item message</td>
<td></td>
<td>2</td>
<td>scripts.TechGlobalDropdownsTest@402a079c</td></tr>
</table><p>
</body>
</html>